20088383 45 2
34116165 12 2
61975484 4 2
109023740 14 2
137946952 11 2
152892547 25 1
179408027 4 1
193278324 14 2
199163816 11 1
204000315 12 1
209065014 12 1
242735980 14 1
264703020 12 2
279590558 27 2
285051521 29 1
306145653 12 2
312621423 11 1
331379834 14 2
335292328 27 1
349324217 25 1
351075993 11 2
356652984 14 2
372671856 42 1
401579804 19 2
410924536 27 2
419846575 27 1
422415314 2 2
472112020 12 2
479637050 12 1
552200763 12 1
573369361 36 1
577190651 11 1
602228613 14 1
609252071 13 1
650198028 12 1
652984696 12 1
666100430 14 1
674611439 3 1
680640212 4 1
732766634 23 2
762068062 11 2
790104579 12 2
793311424 12 2
793643952 12 2
807243098 42 1
810135051 11 2
810979515 19 2
840966319 12 1
859955549 15 2
871893529 3 2
871936905 23 2
876291905 33 2
885905507 11 1
945464186 12 2
950501559 11 2
954758261 4 2
970945839 12 2
972900519 13 2
974018329 19 2
983163156 11 2
995337199 19 1
997021005 12 2
